2025-01-21 13:47:45 - INFO --> Log file created for user: rughwed_kini
2025-01-21 13:47:45 - DEBUG --> Starting validate...
2025-01-21 13:47:49 - INFO --> Valid input for Mobile No: 1234567890
2025-01-21 13:47:49 - DEBUG --> validate Completed.
2025-01-21 13:47:49 - DEBUG --> Starting validate...
2025-01-21 13:47:51 - INFO --> Valid gender: Male
2025-01-21 13:47:51 - DEBUG --> validate Completed.
2025-01-21 13:47:51 - DEBUG --> Starting validate...
2025-01-21 13:47:58 - INFO --> Valid input for Email: Rugved30@gmail.in
2025-01-21 13:47:58 - DEBUG --> validate Completed.
2025-01-21 13:47:58 - DEBUG --> Starting validate...
2025-01-21 13:48:03 - INFO --> Valid input for Pancard: AAAAA1234A
2025-01-21 13:48:03 - DEBUG --> validate Completed.
2025-01-21 13:48:03 - DEBUG --> Starting validate...
2025-01-21 13:48:11 - INFO --> Valid input for Date of Birth: 2003-Apr-30
2025-01-21 13:48:11 - DEBUG --> validate Completed.
2025-01-21 13:48:11 - DEBUG --> Starting validate...
2025-01-21 13:48:26 - WARNING --> Validation failed for Address: Mumbai,Maharashtra-401304. Reason: Please follow the format: (City, State - 123456)
 
2025-01-21 13:48:45 - INFO --> Valid input for Address: Mumbai , Maharashtra - 401304
2025-01-21 13:48:45 - DEBUG --> validate Completed.
2025-01-21 13:48:45 - DEBUG --> Starting validate...
2025-01-21 13:48:52 - INFO --> Valid input for Password: Rugved30@
2025-01-21 13:48:52 - DEBUG --> validate Completed.
2025-01-21 13:48:52 - DEBUG --> Starting calculate_age...
2025-01-21 13:48:52 - INFO --> Calculated age: 21
2025-01-21 13:48:52 - DEBUG --> calculate_age Completed.
2025-01-21 13:48:52 - INFO --> User registration completed.
2025-01-21 13:48:52 - DEBUG --> Starting display...
2025-01-21 13:48:52 - DEBUG --> display Completed.
