2025-01-21 13:55:18 - INFO --> Log file created for user: rugved_kini
2025-01-21 13:55:18 - DEBUG --> Starting validate...
2025-01-21 13:55:22 - INFO --> Valid input for Mobile No: 1234567890
2025-01-21 13:55:22 - DEBUG --> validate Completed.
2025-01-21 13:55:22 - DEBUG --> Starting validate...
2025-01-21 13:55:26 - INFO --> Valid gender: Male
2025-01-21 13:55:26 - DEBUG --> validate Completed.
2025-01-21 13:55:26 - DEBUG --> Starting validate...
2025-01-21 13:55:32 - INFO --> Valid input for Email: rugved30@gmail.com
2025-01-21 13:55:32 - DEBUG --> validate Completed.
2025-01-21 13:55:32 - DEBUG --> Starting validate...
2025-01-21 13:55:39 - INFO --> Valid input for Pancard: AAAAA1234A
2025-01-21 13:55:39 - DEBUG --> validate Completed.
2025-01-21 13:55:39 - DEBUG --> Starting validate...
2025-01-21 13:58:52 - INFO --> Valid input for Date of Birth: 2003-Apr-30
2025-01-21 13:58:52 - DEBUG --> validate Completed.
2025-01-21 13:58:52 - DEBUG --> Starting validate...
2025-01-21 13:59:09 - INFO --> Valid input for Address: Mumbai , Maharashtra - 401304
2025-01-21 13:59:09 - DEBUG --> validate Completed.
2025-01-21 13:59:09 - DEBUG --> Starting validate...
2025-01-21 13:59:15 - INFO --> Valid input for Password: Rugved30@
2025-01-21 13:59:15 - DEBUG --> validate Completed.
2025-01-21 13:59:15 - DEBUG --> Starting calculate_age...
2025-01-21 13:59:15 - INFO --> Calculated age: 21
2025-01-21 13:59:15 - DEBUG --> calculate_age Completed.
2025-01-21 13:59:15 - INFO --> User registration completed.
2025-01-21 13:59:15 - DEBUG --> Starting display...
2025-01-21 13:59:15 - DEBUG --> display Completed.
